{"date": "2020-11-25T12:15:15.150449", "duration": 1409.0297813415527, "version": 1, "recipes": [{"name": "ags", "homepage": "https://github.com/GPUOpen-LibrariesAndSDKs/AGS_SDK", "recipe_version": "6.0", "upstream_version": "6.0.1", "upstream_tag": "v6.0.1", "deprecated": null, "inconsistent_versioning": false, "updatable": true, "up_to_date": false, "supported": true, "prs_opened": [], "updated_branch": {"owner": null, "repo": null, "branch": "ccb-ags-6.0.1"}, "update_error": "Invalid configuration: ags doesn't support OS: Linux.\n", "test_error": "Invalid configuration: ags doesn't support OS: Linux.\n"}, {"name": "apriltag", "homepage": "https://april.eecs.umich.edu/software/apriltag", "recipe_version": "3.1.2", "upstream_version": "3.1.3", "upstream_tag": "v3.1.3", "deprecated": null, "inconsistent_versioning": false, "updatable": true, "up_to_date": false, "supported": true, "prs_opened": [], "updated_branch": {"owner": null, "repo": null, "branch": "ccb-apriltag-3.1.3"}, "update_error": "Error in build() method, line 43\n\tfor patch in self.conan_data[\"patches\"][self.version]:\n\tKeyError: 'patches'\n", "test_error": "Error in build() method, line 43\n\tfor patch in self.conan_data[\"patches\"][self.version]:\n\tKeyError: 'patches'\n"}, {"name": "arduinojson", "homepage": "https://github.com/bblanchon/ArduinoJson", "recipe_version": "6.16.1", "upstream_version": "6.17.2", "upstream_tag": "v6.17.2", "deprecated": null, "inconsistent_versioning": false, "updatable": true, "up_to_date": false, "supported": true, "prs_opened": [], "updated_branch": {"owner": null, "repo": null, "branch": "ccb-arduinojson-6.17.2"}, "update_error": "Error in source() method, line 23\n\tos.rename(\"ArduinoJson\", self._source_subfolder)\n\tFileNotFoundError: [Errno 2] No such file or directory: 'ArduinoJson' -> 'source_subfolder'\n", "test_error": "Error in source() method, line 23\n\tos.rename(\"ArduinoJson\", self._source_subfolder)\n\tFileNotFoundError: [Errno 2] No such file or directory: 'ArduinoJson' -> 'source_subfolder'\n"}, {"name": "arrow", "homepage": "https://arrow.apache.org/", "recipe_version": "1.0.0", "upstream_version": "2.0.0", "upstream_tag": "apache-arrow-2.0.0", "deprecated": null, "inconsistent_versioning": false, "updatable": true, "up_to_date": false, "supported": true, "prs_opened": [{"number": 3638, "url": "https://github.com/conan-io/conan-center-index/pull/3638"}], "updated_branch": {"owner": null, "repo": null, "branch": null}, "update_error": "PR exists", "test_error": null}, {"name": "aws-c-common", "homepage": "https://github.com/awslabs/aws-sdk-cpp", "recipe_version": "0.4.25", "upstream_version": "1.8.95", "upstream_tag": "1.8.95", "deprecated": null, "inconsistent_versioning": false, "updatable": true, "up_to_date": false, "supported": true, "prs_opened": [], "updated_branch": {"owner": null, "repo": null, "branch": "ccb-aws-c-common-1.8.95"}, "update_error": "Error in source() method, line 44\n\tos.rename(extracted_folder, self._source_subfolder)\n\tFileNotFoundError: [Errno 2] No such file or directory: 'aws-c-common-1.8.95' -> 'source_subfolder'\n", "test_error": "Error in source() method, line 44\n\tos.rename(extracted_folder, self._source_subfolder)\n\tFileNotFoundError: [Errno 2] No such file or directory: 'aws-c-common-1.8.95' -> 'source_subfolder'\n"}, {"name": "aws-c-event-stream", "homepage": "https://github.com/awslabs/aws-c-event-stream", "recipe_version": "0.1.5", "upstream_version": "0.2.5", "upstream_tag": "v0.2.5", "deprecated": null, "inconsistent_versioning": false, "updatable": true, "up_to_date": false, "supported": true, "prs_opened": [], "updated_branch": {"owner": null, "repo": null, "branch": "ccb-aws-c-event-stream-0.2.5"}, "update_error": "Error in build() method, line 70\n\tself._patch_sources()\nwhile calling '_patch_sources', line 60\n\tfor patch in self.conan_data[\"patches\"][self.version]:\n\tKeyError: 'patches'\n", "test_error": "Error in build() method, line 70\n\tself._patch_sources()\nwhile calling '_patch_sources', line 60\n\tfor patch in self.conan_data[\"patches\"][self.version]:\n\tKeyError: 'patches'\n"}, {"name": "aws-checksums", "homepage": "https://github.com/awslabs/aws-checksums", "recipe_version": "0.1.5", "upstream_version": "0.1.10", "upstream_tag": "v0.1.10", "deprecated": null, "inconsistent_versioning": false, "updatable": true, "up_to_date": false, "supported": true, "prs_opened": [], "updated_branch": {"owner": null, "repo": null, "branch": "ccb-aws-checksums-0.1.10"}, "update_error": "Error in build() method, line 59\n\tself._patch_sources()\nwhile calling '_patch_sources', line 55\n\tfor patch in self.conan_data[\"patches\"][self.version]:\n\tKeyError: 'patches'\n", "test_error": "Error in build() method, line 59\n\tself._patch_sources()\nwhile calling '_patch_sources', line 55\n\tfor patch in self.conan_data[\"patches\"][self.version]:\n\tKeyError: 'patches'\n"}, {"name": "botan", "homepage": "https://github.com/randombit/botan", "recipe_version": "2.17.1", "upstream_version": "2.17.2", "upstream_tag": "2.17.2", "deprecated": null, "inconsistent_versioning": false, "updatable": true, "up_to_date": false, "supported": true, "prs_opened": [{"number": 3607, "url": "https://github.com/conan-io/conan-center-index/pull/3607"}], "updated_branch": {"owner": null, "repo": null, "branch": null}, "update_error": "PR exists", "test_error": null}, {"name": "box2d", "homepage": "http://box2d.org/", "recipe_version": "2.4.0", "upstream_version": "2.4.1", "upstream_tag": "v2.4.1", "deprecated": null, "inconsistent_versioning": false, "updatable": true, "up_to_date": false, "supported": true, "prs_opened": [], "updated_branch": {"owner": null, "repo": null, "branch": "ccb-box2d-2.4.1"}, "update_error": "Error in build() method, line 45\n\tself._patch_sources()\nwhile calling '_patch_sources', line 40\n\ttools.replace_in_file(os.path.join(self._source_subfolder, \"src\", \"CMakeLists.txt\"),\n\tConanException: replace_in_file didn't find pattern 'box2d STATIC' in 'source_subfolder/src/CMakeLists.txt' file.\n", "test_error": "Error in build() method, line 45\n\tself._patch_sources()\nwhile calling '_patch_sources', line 40\n\ttools.replace_in_file(os.path.join(self._source_subfolder, \"src\", \"CMakeLists.txt\"),\n\tConanException: replace_in_file didn't find pattern 'box2d STATIC' in 'source_subfolder/src/CMakeLists.txt' file.\n"}, {"name": "c-blosc", "homepage": "https://github.com/Blosc/c-blosc", "recipe_version": "1.20.0", "upstream_version": "1.20.1", "upstream_tag": "v1.20.1", "deprecated": null, "inconsistent_versioning": false, "updatable": true, "up_to_date": false, "supported": true, "prs_opened": [], "updated_branch": {"owner": "conan-center-bot-testing", "repo": "conan-center-index", "branch": "ccb-c-blosc-1.20.1"}, "update_error": null, "test_error": null}, {"name": "ceres-solver", "homepage": "http://ceres-solver.org/r", "recipe_version": "1.14.0", "upstream_version": "2.0.0", "upstream_tag": "2.0.0", "deprecated": null, "inconsistent_versioning": false, "updatable": true, "up_to_date": false, "supported": true, "prs_opened": [], "updated_branch": {"owner": null, "repo": null, "branch": "ccb-ceres-solver-2.0.0"}, "update_error": "Error in build() method, line 94\n\ttools.replace_in_file(os.path.join(self._source_subfolder, \"CMakeLists.txt\"),\n\tConanException: replace_in_file didn't find pattern 'find_package(Gflags)' in 'source_subfolder/CMakeLists.txt' file.\n", "test_error": "Error in build() method, line 94\n\ttools.replace_in_file(os.path.join(self._source_subfolder, \"CMakeLists.txt\"),\n\tConanException: replace_in_file didn't find pattern 'find_package(Gflags)' in 'source_subfolder/CMakeLists.txt' file.\n"}, {"name": "cmake", "homepage": "https://github.com/Kitware/CMake", "recipe_version": "3.19.0", "upstream_version": "3.19.1", "upstream_tag": "v3.19.1", "deprecated": null, "inconsistent_versioning": false, "updatable": true, "up_to_date": false, "supported": true, "prs_opened": [{"number": 3686, "url": "https://github.com/conan-io/conan-center-index/pull/3686"}], "updated_branch": {"owner": null, "repo": null, "branch": null}, "update_error": "PR exists", "test_error": null}, {"name": "cpr", "homepage": "https://whoshuu.github.io/cpr/", "recipe_version": "1.5.0", "upstream_version": "1.5.2", "upstream_tag": "1.5.2", "deprecated": null, "inconsistent_versioning": false, "updatable": true, "up_to_date": false, "supported": true, "prs_opened": [], "updated_branch": {"owner": null, "repo": null, "branch": "ccb-cpr-1.5.2"}, "update_error": "Error in build() method, line 70\n\tself._patch_sources()\nwhile calling '_patch_sources', line 54\n\tfor patch in self.conan_data[\"patches\"][self.version]:\n\tKeyError: 'patches'\n", "test_error": "Error in build() method, line 70\n\tself._patch_sources()\nwhile calling '_patch_sources', line 54\n\tfor patch in self.conan_data[\"patches\"][self.version]:\n\tKeyError: 'patches'\n"}, {"name": "ctre", "homepage": "https://github.com/hanickadot/compile-time-regular-expressions", "recipe_version": "3.3.2", "upstream_version": "3.3.4", "upstream_tag": "v3.3.4", "deprecated": null, "inconsistent_versioning": false, "updatable": true, "up_to_date": false, "supported": true, "prs_opened": [], "updated_branch": {"owner": "conan-center-bot-testing", "repo": "conan-center-index", "branch": "ccb-ctre-3.3.4"}, "update_error": null, "test_error": null}, {"name": "cwalk", "homepage": "https://likle.github.io/cwalk/", "recipe_version": "1.2.2", "upstream_version": "1.2.4", "upstream_tag": "v1.2.4", "deprecated": null, "inconsistent_versioning": false, "updatable": true, "up_to_date": false, "supported": true, "prs_opened": [], "updated_branch": {"owner": "conan-center-bot-testing", "repo": "conan-center-index", "branch": "ccb-cwalk-1.2.4"}, "update_error": null, "test_error": null}, {"name": "doctest", "homepage": "https://github.com/onqtam/doctest", "recipe_version": "2.4.0", "upstream_version": "2.4.1", "upstream_tag": "2.4.1", "deprecated": null, "inconsistent_versioning": false, "updatable": true, "up_to_date": false, "supported": true, "prs_opened": [], "updated_branch": {"owner": "conan-center-bot-testing", "repo": "conan-center-index", "branch": "ccb-doctest-2.4.1"}, "update_error": null, "test_error": null}, {"name": "duktape", "homepage": "https://duktape.org", "recipe_version": "2.5.0", "upstream_version": "2.6.0", "upstream_tag": "v2.6.0", "deprecated": null, "inconsistent_versioning": false, "updatable": true, "up_to_date": false, "supported": true, "prs_opened": [], "updated_branch": {"owner": null, "repo": null, "branch": "ccb-duktape-2.6.0"}, "update_error": "Error in build() method, line 59\n\tcmake = self._configure_cmake()\nwhile calling '_configure_cmake', line 45\n\tself._cmake.configure()\n\tConanException: Error 1 while executing cd '/home/runner/.conan/data/duktape/2.6.0/_/_/build/6af9cc7cb931c5ad942174fd7838eb655717c709' && cmake -G \"Unix Makefiles\" -DCMAKE_BUILD_TYPE=\"Release\" -DCONAN_IN_LOCAL_CACHE=\"ON\" -DCONAN_COMPILER=\"gcc\" -DCONAN_COMPILER_VERSION=\"9\" -DCONAN_CXX_FLAGS=\"-m64\" -DCONAN_SHARED_LINKER_FLAGS=\"-m64\" -DCONAN_C_FLAGS=\"-m64\" -DBUILD_SHARED_LIBS=\"OFF\" -DCMAKE_INSTALL_PREFIX=\"/home/runner/.conan/data/duktape/2.6.0/_/_/package/6af9cc7cb931c5ad942174fd7838eb655717c709\" -DCMAKE_INSTALL_BINDIR=\"bin\" -DCMAKE_INSTALL_SBINDIR=\"bin\" -DCMAKE_INSTALL_LIBEXECDIR=\"bin\" -DCMAKE_INSTALL_LIBDIR=\"lib\" -DCMAKE_INSTALL_INCLUDEDIR=\"include\" -DCMAKE_INSTALL_OLDINCLUDEDIR=\"include\" -DCMAKE_INSTALL_DATAROOTDIR=\"share\" -DCONAN_CMAKE_POSITION_INDEPENDENT_CODE=\"ON\" -DCMAKE_EXPORT_NO_PACKAGE_REGISTRY=\"ON\" -DCONAN_EXPORTED=\"1\" -Wno-dev '/home/runner/.conan/data/duktape/2.6.0/_/_/build/6af9cc7cb931c5ad942174fd7838eb655717c709'\n", "test_error": "Error in build() method, line 59\n\tcmake = self._configure_cmake()\nwhile calling '_configure_cmake', line 45\n\tself._cmake.configure()\n\tConanException: Error 1 while executing cd '/home/runner/.conan/data/duktape/2.6.0/_/_/build/6af9cc7cb931c5ad942174fd7838eb655717c709' && cmake -G \"Unix Makefiles\" -DCMAKE_BUILD_TYPE=\"Release\" -DCONAN_IN_LOCAL_CACHE=\"ON\" -DCONAN_COMPILER=\"gcc\" -DCONAN_COMPILER_VERSION=\"9\" -DCONAN_CXX_FLAGS=\"-m64\" -DCONAN_SHARED_LINKER_FLAGS=\"-m64\" -DCONAN_C_FLAGS=\"-m64\" -DBUILD_SHARED_LIBS=\"OFF\" -DCMAKE_INSTALL_PREFIX=\"/home/runner/.conan/data/duktape/2.6.0/_/_/package/6af9cc7cb931c5ad942174fd7838eb655717c709\" -DCMAKE_INSTALL_BINDIR=\"bin\" -DCMAKE_INSTALL_SBINDIR=\"bin\" -DCMAKE_INSTALL_LIBEXECDIR=\"bin\" -DCMAKE_INSTALL_LIBDIR=\"lib\" -DCMAKE_INSTALL_INCLUDEDIR=\"include\" -DCMAKE_INSTALL_OLDINCLUDEDIR=\"include\" -DCMAKE_INSTALL_DATAROOTDIR=\"share\" -DCONAN_CMAKE_POSITION_INDEPENDENT_CODE=\"ON\" -DCMAKE_EXPORT_NO_PACKAGE_REGISTRY=\"ON\" -DCONAN_EXPORTED=\"1\" -Wno-dev '/home/runner/.conan/data/duktape/2.6.0/_/_/build/6af9cc7cb931c5ad942174fd7838eb655717c709'\n"}, {"name": "embree3", "homepage": "https://embree.github.io/", "recipe_version": "3.12.0", "upstream_version": "3.12.1", "upstream_tag": "v3.12.1", "deprecated": null, "inconsistent_versioning": false, "updatable": true, "up_to_date": false, "supported": true, "prs_opened": [], "updated_branch": {"owner": null, "repo": null, "branch": "ccb-embree3-3.12.1"}, "update_error": "Error in build() method, line 13\n\tcmake.build()\n\tConanException: Error 2 while executing cmake --build '/tmp/ccb-70b9zfp4/recipes/embree3/all/test_package/build/878b1b6e2d4cbc82452d014e37c38868584457e8' '--' '-j2'\n", "test_error": "Error in build() method, line 13\n\tcmake.build()\n\tConanException: Error 2 while executing cmake --build '/tmp/ccb-70b9zfp4/recipes/embree3/all/test_package/build/878b1b6e2d4cbc82452d014e37c38868584457e8' '--' '-j2'\n"}, {"name": "fribidi", "homepage": "https://github.com/fribidi/fribidi", "recipe_version": "1.0.9", "upstream_version": "1.0.10", "upstream_tag": "v1.0.10", "deprecated": null, "inconsistent_versioning": false, "updatable": true, "up_to_date": false, "supported": true, "prs_opened": [], "updated_branch": {"owner": null, "repo": null, "branch": "ccb-fribidi-1.0.10"}, "update_error": "Error in build() method, line 68\n\tself._patch_sources()\nwhile calling '_patch_sources', line 64\n\tfor patch in self.conan_data[\"patches\"][self.version]:\n\tKeyError: 'patches'\n", "test_error": "Error in build() method, line 68\n\tself._patch_sources()\nwhile calling '_patch_sources', line 64\n\tfor patch in self.conan_data[\"patches\"][self.version]:\n\tKeyError: 'patches'\n"}, {"name": "gcem", "homepage": "https://github.com/kthohr/gcem", "recipe_version": "1.12.0", "upstream_version": "1.13.1", "upstream_tag": "v1.13.1", "deprecated": null, "inconsistent_versioning": false, "updatable": true, "up_to_date": false, "supported": true, "prs_opened": [], "updated_branch": {"owner": "conan-center-bot-testing", "repo": "conan-center-index", "branch": "ccb-gcem-1.13.1"}, "update_error": null, "test_error": null}, {"name": "gdal", "homepage": "https://github.com/OSGeo/gdal", "recipe_version": "3.1.4", "upstream_version": "3.2.0", "upstream_tag": "v3.2.0", "deprecated": null, "inconsistent_versioning": false, "updatable": true, "up_to_date": false, "supported": true, "prs_opened": [{"number": 3436, "url": "https://github.com/conan-io/conan-center-index/pull/3436"}], "updated_branch": {"owner": null, "repo": null, "branch": null}, "update_error": "PR exists", "test_error": null}, {"name": "glslang", "homepage": "https://github.com/KhronosGroup/glslang", "recipe_version": "8.13.3559", "upstream_version": "8.13.3743", "upstream_tag": "8.13.3743", "deprecated": null, "inconsistent_versioning": false, "updatable": true, "up_to_date": false, "supported": true, "prs_opened": [], "updated_branch": {"owner": "conan-center-bot-testing", "repo": "conan-center-index", "branch": "ccb-glslang-8.13.3743"}, "update_error": null, "test_error": null}, {"name": "gtsam", "homepage": "https://github.com/borglab/gtsam", "recipe_version": "4.0.2", "upstream_version": "4.0.3", "upstream_tag": "4.0.3", "deprecated": null, "inconsistent_versioning": false, "updatable": true, "up_to_date": false, "supported": true, "prs_opened": [{"number": 3683, "url": "https://github.com/conan-io/conan-center-index/pull/3683"}], "updated_branch": {"owner": null, "repo": null, "branch": null}, "update_error": "PR exists", "test_error": null}, {"name": "hdrhistogram-c", "homepage": "https://github.com/HdrHistogram/HdrHistogram_c", "recipe_version": "0.11.1", "upstream_version": "0.11.2", "upstream_tag": "0.11.2", "deprecated": null, "inconsistent_versioning": false, "updatable": true, "up_to_date": false, "supported": true, "prs_opened": [], "updated_branch": {"owner": "conan-center-bot-testing", "repo": "conan-center-index", "branch": "ccb-hdrhistogram-c-0.11.2"}, "update_error": null, "test_error": null}, {"name": "itk", "homepage": "http://www.itk.org/", "recipe_version": "5.1.0", "upstream_version": "5.1.1", "upstream_tag": "v5.1.1", "deprecated": null, "inconsistent_versioning": false, "updatable": true, "up_to_date": false, "supported": true, "prs_opened": [], "updated_branch": {"owner": null, "repo": null, "branch": "ccb-itk-5.1.1"}, "update_error": "Error in source() method, line 71\n\tos.rename(\"InsightToolkit-{}\".format(self.version), self._source_subfolder)\n\tFileNotFoundError: [Errno 2] No such file or directory: 'InsightToolkit-5.1.1' -> 'source_subfolder'\n", "test_error": "Error in source() method, line 71\n\tos.rename(\"InsightToolkit-{}\".format(self.version), self._source_subfolder)\n\tFileNotFoundError: [Errno 2] No such file or directory: 'InsightToolkit-5.1.1' -> 'source_subfolder'\n"}, {"name": "ixwebsocket", "homepage": "https://github.com/machinezone/IXWebSocket", "recipe_version": "10.4.0", "upstream_version": "11.0.4", "upstream_tag": "v11.0.4", "deprecated": null, "inconsistent_versioning": false, "updatable": true, "up_to_date": false, "supported": true, "prs_opened": [{"number": 3659, "url": "https://github.com/conan-io/conan-center-index/pull/3659"}], "updated_branch": {"owner": null, "repo": null, "branch": null}, "update_error": "PR exists", "test_error": null}, {"name": "jasper", "homepage": "https://jasper-software.github.io/jasper", "recipe_version": "2.0.21", "upstream_version": "2.0.22", "upstream_tag": "version-2.0.22", "deprecated": null, "inconsistent_versioning": false, "updatable": true, "up_to_date": false, "supported": true, "prs_opened": [], "updated_branch": {"owner": "conan-center-bot-testing", "repo": "conan-center-index", "branch": "ccb-jasper-2.0.22"}, "update_error": null, "test_error": null}, {"name": "json-c", "homepage": "https://github.com/json-c/json-c", "recipe_version": "0.14", "upstream_version": "0.15", "upstream_tag": "json-c-0.15-20200726", "deprecated": null, "inconsistent_versioning": false, "updatable": true, "up_to_date": false, "supported": true, "prs_opened": [], "updated_branch": {"owner": "conan-center-bot-testing", "repo": "conan-center-index", "branch": "ccb-json-c-0.15"}, "update_error": null, "test_error": null}, {"name": "libb2", "homepage": "https://github.com/BLAKE2/BLAKE2", "recipe_version": "20190723", "upstream_version": "20190724", "upstream_tag": "20190724", "deprecated": null, "inconsistent_versioning": false, "updatable": true, "up_to_date": false, "supported": true, "prs_opened": [], "updated_branch": {"owner": "conan-center-bot-testing", "repo": "conan-center-index", "branch": "ccb-libb2-20190724"}, "update_error": null, "test_error": null}, {"name": "libcbor", "homepage": "https://github.com/PJK/libcbor", "recipe_version": "0.7.0", "upstream_version": "0.8.0", "upstream_tag": "v0.8.0", "deprecated": null, "inconsistent_versioning": false, "updatable": true, "up_to_date": false, "supported": true, "prs_opened": [], "updated_branch": {"owner": "conan-center-bot-testing", "repo": "conan-center-index", "branch": "ccb-libcbor-0.8.0"}, "update_error": null, "test_error": null}, {"name": "libfdk_aac", "homepage": "https://sourceforge.net/projects/opencore-amr/", "recipe_version": "2.0.0", "upstream_version": "2.0.1", "upstream_tag": "v2.0.1", "deprecated": null, "inconsistent_versioning": false, "updatable": true, "up_to_date": false, "supported": true, "prs_opened": [], "updated_branch": {"owner": null, "repo": null, "branch": "ccb-libfdk_aac-2.0.1"}, "update_error": "[CMAKE MINIMUM VERSION (KB-H028)] The CMake file 'test_package/CMakeLists.txt' must contain a minimum version declared at the beginning (e.g. cmake_minimum_required(VERSION 3.1.2)) (https://github.com/conan-io/conan-center-index/blob/master/docs/error_knowledge_base.md#KB-H028) ", "test_error": "[CMAKE MINIMUM VERSION (KB-H028)] The CMake file 'test_package/CMakeLists.txt' must contain a minimum version declared at the beginning (e.g. cmake_minimum_required(VERSION 3.1.2)) (https://github.com/conan-io/conan-center-index/blob/master/docs/error_knowledge_base.md#KB-H028) "}, {"name": "libgit2", "homepage": "https://libgit2.org/", "recipe_version": "1.0.1", "upstream_version": "1.1.0", "upstream_tag": "v1.1.0", "deprecated": null, "inconsistent_versioning": false, "updatable": true, "up_to_date": false, "supported": true, "prs_opened": [], "updated_branch": {"owner": null, "repo": null, "branch": "ccb-libgit2-1.1.0"}, "update_error": "Error in build() method, line 12\n\tcmake.build()\n\tConanException: Error 2 while executing cmake --build '/tmp/ccb-lrkc4spr/recipes/libgit2/all/test_package/build/878b1b6e2d4cbc82452d014e37c38868584457e8' '--' '-j2'\n", "test_error": "Error in build() method, line 12\n\tcmake.build()\n\tConanException: Error 2 while executing cmake --build '/tmp/ccb-lrkc4spr/recipes/libgit2/all/test_package/build/878b1b6e2d4cbc82452d014e37c38868584457e8' '--' '-j2'\n"}, {"name": "libjpeg-turbo", "homepage": "https://libjpeg-turbo.org", "recipe_version": "2.0.6", "upstream_version": "2.0.90", "upstream_tag": "2.0.90", "deprecated": null, "inconsistent_versioning": false, "updatable": true, "up_to_date": false, "supported": true, "prs_opened": [], "updated_branch": {"owner": null, "repo": null, "branch": "ccb-libjpeg-turbo-2.0.90"}, "update_error": "[CMAKE-MODULES-CONFIG-FILES (KB-H016)] The conan-center repository doesn't allow the packages to contain CMake find modules or config files. The packages have to be located using generators and the declared `cpp_info` information (https://github.com/conan-io/conan-center-index/blob/master/docs/error_knowledge_base.md#KB-H016) \n[CMAKE-MODULES-CONFIG-FILES (KB-H016)] Found files: ./lib/cmake/cmake_wrapper/cmake_wrapperConfig.cmake (https://github.com/conan-io/conan-center-index/blob/master/docs/error_knowledge_base.md#KB-H016) ", "test_error": "[CMAKE-MODULES-CONFIG-FILES (KB-H016)] The conan-center repository doesn't allow the packages to contain CMake find modules or config files. The packages have to be located using generators and the declared `cpp_info` information (https://github.com/conan-io/conan-center-index/blob/master/docs/error_knowledge_base.md#KB-H016) \n[CMAKE-MODULES-CONFIG-FILES (KB-H016)] Found files: ./lib/cmake/cmake_wrapper/cmake_wrapperConfig.cmake (https://github.com/conan-io/conan-center-index/blob/master/docs/error_knowledge_base.md#KB-H016) "}, {"name": "libnghttp2", "homepage": "https://nghttp2.org", "recipe_version": "1.40.0", "upstream_version": "1.42.0", "upstream_tag": "v1.42.0", "deprecated": null, "inconsistent_versioning": false, "updatable": true, "up_to_date": false, "supported": true, "prs_opened": [], "updated_branch": {"owner": null, "repo": null, "branch": "ccb-libnghttp2-1.42.0"}, "update_error": "Error in build() method, line 122\n\tself._patch_sources()\nwhile calling '_patch_sources', line 91\n\tfor patch in self.conan_data[\"patches\"][self.version]:\n\tKeyError: 'patches'\n", "test_error": "Error in build() method, line 122\n\tself._patch_sources()\nwhile calling '_patch_sources', line 91\n\tfor patch in self.conan_data[\"patches\"][self.version]:\n\tKeyError: 'patches'\n"}, {"name": "libraw", "homepage": "https://www.libraw.org/", "recipe_version": "0.20.0", "upstream_version": "0.20.2", "upstream_tag": "0.20.2", "deprecated": null, "inconsistent_versioning": false, "updatable": true, "up_to_date": false, "supported": true, "prs_opened": [], "updated_branch": {"owner": "conan-center-bot-testing", "repo": "conan-center-index", "branch": "ccb-libraw-0.20.2"}, "update_error": null, "test_error": null}, {"name": "libsigcpp", "homepage": "https://github.com/libsigcplusplus/libsigcplusplus", "recipe_version": "3.0.0", "upstream_version": "3.0.4", "upstream_tag": "3.0.4", "deprecated": null, "inconsistent_versioning": false, "updatable": true, "up_to_date": false, "supported": true, "prs_opened": [], "updated_branch": {"owner": null, "repo": null, "branch": "ccb-libsigcpp-3.0.4"}, "update_error": "Package recipe with version 3.0.4!=3.0.0\n", "test_error": "Package recipe with version 3.0.4!=3.0.0\n"}, {"name": "libsolace", "homepage": "https://github.com/abbyssoul/libsolace", "recipe_version": "0.3.9", "upstream_version": "0.3.13", "upstream_tag": "v0.3.13", "deprecated": null, "inconsistent_versioning": false, "updatable": true, "up_to_date": false, "supported": true, "prs_opened": [], "updated_branch": {"owner": null, "repo": null, "branch": "ccb-libsolace-0.3.13"}, "update_error": "[PRIVATE IMPORTS (KB-H053)] The file conanfile.py imports private conan API on line 5, this is strongly discouraged. (https://github.com/conan-io/conan-center-index/blob/master/docs/error_knowledge_base.md#KB-H053) \n[PRIVATE IMPORTS (KB-H053)] from conans.model.version import Version (https://github.com/conan-io/conan-center-index/blob/master/docs/error_knowledge_base.md#KB-H053) ", "test_error": "[PRIVATE IMPORTS (KB-H053)] The file conanfile.py imports private conan API on line 5, this is strongly discouraged. (https://github.com/conan-io/conan-center-index/blob/master/docs/error_knowledge_base.md#KB-H053) \n[PRIVATE IMPORTS (KB-H053)] from conans.model.version import Version (https://github.com/conan-io/conan-center-index/blob/master/docs/error_knowledge_base.md#KB-H053) "}, {"name": "libtorrent", "homepage": "http://libtorrent.org", "recipe_version": "1.2.3", "upstream_version": "2.0.1", "upstream_tag": "v2.0.1", "deprecated": null, "inconsistent_versioning": false, "updatable": true, "up_to_date": false, "supported": true, "prs_opened": [], "updated_branch": {"owner": null, "repo": null, "branch": "ccb-libtorrent-2.0.1"}, "update_error": "Error in source() method, line 73\n\tos.rename(\"libtorrent-rasterbar-{}\".format(self.version), self._source_subfolder)\n\tFileNotFoundError: [Errno 2] No such file or directory: 'libtorrent-rasterbar-2.0.1' -> 'source_subfolder'\n", "test_error": "Error in source() method, line 73\n\tos.rename(\"libtorrent-rasterbar-{}\".format(self.version), self._source_subfolder)\n\tFileNotFoundError: [Errno 2] No such file or directory: 'libtorrent-rasterbar-2.0.1' -> 'source_subfolder'\n"}, {"name": "libxcrypt", "homepage": "https://github.com/besser82/libxcrypt", "recipe_version": "4.4.16", "upstream_version": "4.4.17", "upstream_tag": "v4.4.17", "deprecated": null, "inconsistent_versioning": false, "updatable": true, "up_to_date": false, "supported": true, "prs_opened": [], "updated_branch": {"owner": "conan-center-bot-testing", "repo": "conan-center-index", "branch": "ccb-libxcrypt-4.4.17"}, "update_error": null, "test_error": null}, {"name": "llvm-openmp", "homepage": "https://github.com/llvm/llvm-project/tree/master/openmp", "recipe_version": "10.0.0", "upstream_version": "11.0.0", "upstream_tag": "llvmorg-11.0.0", "deprecated": null, "inconsistent_versioning": false, "updatable": true, "up_to_date": false, "supported": true, "prs_opened": [], "updated_branch": {"owner": null, "repo": null, "branch": "ccb-llvm-openmp-11.0.0"}, "update_error": "Error in source() method, line 51\n\tos.rename(extracted_dir, self._source_subfolder)\n\tFileNotFoundError: [Errno 2] No such file or directory: 'openmp-11.0.0.src' -> 'source_subfolder'\n", "test_error": "Error in source() method, line 51\n\tos.rename(extracted_dir, self._source_subfolder)\n\tFileNotFoundError: [Errno 2] No such file or directory: 'openmp-11.0.0.src' -> 'source_subfolder'\n"}, {"name": "mbedtls", "homepage": "https://tls.mbed.org", "recipe_version": "2.23.0", "upstream_version": "2.24.0", "upstream_tag": "mbedtls-2.24.0", "deprecated": null, "inconsistent_versioning": false, "updatable": true, "up_to_date": false, "supported": true, "prs_opened": [], "updated_branch": {"owner": "conan-center-bot-testing", "repo": "conan-center-index", "branch": "ccb-mbedtls-2.24.0"}, "update_error": null, "test_error": null}, {"name": "onedpl", "homepage": "https://github.com/oneapi-src/oneDPL", "recipe_version": "20200330", "upstream_version": "20201111", "upstream_tag": "20201111", "deprecated": null, "inconsistent_versioning": false, "updatable": true, "up_to_date": false, "supported": true, "prs_opened": [], "updated_branch": {"owner": null, "repo": null, "branch": "ccb-onedpl-20201111"}, "update_error": "Error in package() method, line 50\n\tcmake = self._configure_cmake()\nwhile calling '_configure_cmake', line 46\n\tcmake.configure()\n\tConanException: Error 1 while executing cd '/home/runner/.conan/data/onedpl/20201111/_/_/build/5ab84d6acfe1f23c4fae0ab88f26e3a396351ac9' && cmake -G \"Unix Makefiles\" -DCMAKE_BUILD_TYPE=\"Release\" -DCONAN_IN_LOCAL_CACHE=\"ON\" -DCONAN_COMPILER=\"gcc\" -DCONAN_COMPILER_VERSION=\"9\" -DCONAN_CXX_FLAGS=\"-m64\" -DCONAN_SHARED_LINKER_FLAGS=\"-m64\" -DCONAN_C_FLAGS=\"-m64\" -DCONAN_LIBCXX=\"libstdc++11\" -DCMAKE_INSTALL_PREFIX=\"/home/runner/.conan/data/onedpl/20201111/_/_/package/5ab84d6acfe1f23c4fae0ab88f26e3a396351ac9\" -DCMAKE_INSTALL_BINDIR=\"bin\" -DCMAKE_INSTALL_SBINDIR=\"bin\" -DCMAKE_INSTALL_LIBEXECDIR=\"bin\" -DCMAKE_INSTALL_LIBDIR=\"lib\" -DCMAKE_INSTALL_INCLUDEDIR=\"include\" -DCMAKE_INSTALL_OLDINCLUDEDIR=\"include\" -DCMAKE_INSTALL_DATAROOTDIR=\"share\" -DCMAKE_MODULE_PATH=\"/home/runner/.conan/data/onedpl/20201111/_/_/build/5ab84d6acfe1f23c4fae0ab88f26e3a396351ac9\" -DCMAKE_EXPORT_NO_PACKAGE_REGISTRY=\"ON\" -DCONAN_EXPORTED=\"1\" -DPARALLELSTL_BACKEND=\"tbb\" -Wno-dev '/home/runner/.conan/data/onedpl/20201111/_/_/source'\n", "test_error": "Error in package() method, line 50\n\tcmake = self._configure_cmake()\nwhile calling '_configure_cmake', line 46\n\tcmake.configure()\n\tConanException: Error 1 while executing cd '/home/runner/.conan/data/onedpl/20201111/_/_/build/5ab84d6acfe1f23c4fae0ab88f26e3a396351ac9' && cmake -G \"Unix Makefiles\" -DCMAKE_BUILD_TYPE=\"Release\" -DCONAN_IN_LOCAL_CACHE=\"ON\" -DCONAN_COMPILER=\"gcc\" -DCONAN_COMPILER_VERSION=\"9\" -DCONAN_CXX_FLAGS=\"-m64\" -DCONAN_SHARED_LINKER_FLAGS=\"-m64\" -DCONAN_C_FLAGS=\"-m64\" -DCONAN_LIBCXX=\"libstdc++11\" -DCMAKE_INSTALL_PREFIX=\"/home/runner/.conan/data/onedpl/20201111/_/_/package/5ab84d6acfe1f23c4fae0ab88f26e3a396351ac9\" -DCMAKE_INSTALL_BINDIR=\"bin\" -DCMAKE_INSTALL_SBINDIR=\"bin\" -DCMAKE_INSTALL_LIBEXECDIR=\"bin\" -DCMAKE_INSTALL_LIBDIR=\"lib\" -DCMAKE_INSTALL_INCLUDEDIR=\"include\" -DCMAKE_INSTALL_OLDINCLUDEDIR=\"include\" -DCMAKE_INSTALL_DATAROOTDIR=\"share\" -DCMAKE_MODULE_PATH=\"/home/runner/.conan/data/onedpl/20201111/_/_/build/5ab84d6acfe1f23c4fae0ab88f26e3a396351ac9\" -DCMAKE_EXPORT_NO_PACKAGE_REGISTRY=\"ON\" -DCONAN_EXPORTED=\"1\" -DPARALLELSTL_BACKEND=\"tbb\" -Wno-dev '/home/runner/.conan/data/onedpl/20201111/_/_/source'\n"}, {"name": "openh264", "homepage": "http://www.openh264.org/", "recipe_version": "1.7.0", "upstream_version": "2.1.1", "upstream_tag": "v2.1.1", "deprecated": null, "inconsistent_versioning": false, "updatable": true, "up_to_date": false, "supported": true, "prs_opened": [], "updated_branch": {"owner": null, "repo": null, "branch": "ccb-openh264-2.1.1"}, "update_error": "Error in build() method, line 41\n\ttools.patch(os.path.join(self._source_subfolder, \"build\"), \"platform-android.mk.patch\")\n\tConanException: Failed to apply patch: platform-android.mk.patch\n", "test_error": "Error in build() method, line 41\n\ttools.patch(os.path.join(self._source_subfolder, \"build\"), \"platform-android.mk.patch\")\n\tConanException: Failed to apply patch: platform-android.mk.patch\n"}, {"name": "openimageio", "homepage": "http://www.openimageio.org/", "recipe_version": "2.2.7.0", "upstream_version": "2.2.8.0", "upstream_tag": "Release-2.2.8.0", "deprecated": null, "inconsistent_versioning": false, "updatable": true, "up_to_date": false, "supported": true, "prs_opened": [], "updated_branch": {"owner": null, "repo": null, "branch": "ccb-openimageio-2.2.8.0"}, "update_error": "Error in build() method, line 122\n\tcmake = self._configure_cmake()\nwhile calling '_configure_cmake', line 78\n\tself._cmake.configure()\n\tConanException: Error 1 while executing cd '/home/runner/.conan/data/openimageio/2.2.8.0/_/_/build/2e403e655d8f5c0cefc0d5e27dcb5ce3b3627b2b' && cmake -G \"Unix Makefiles\" -DCMAKE_BUILD_TYPE=\"Release\" -DCONAN_IN_LOCAL_CACHE=\"ON\" -DCONAN_COMPILER=\"gcc\" -DCONAN_COMPILER_VERSION=\"9\" -DCONAN_CXX_FLAGS=\"-m64\" -DCONAN_SHARED_LINKER_FLAGS=\"-m64\" -DCONAN_C_FLAGS=\"-m64\" -DCONAN_LIBCXX=\"libstdc++11\" -DBUILD_SHARED_LIBS=\"OFF\" -DCMAKE_INSTALL_PREFIX=\"/home/runner/.conan/data/openimageio/2.2.8.0/_/_/package/2e403e655d8f5c0cefc0d5e27dcb5ce3b3627b2b\" -DCMAKE_INSTALL_BINDIR=\"bin\" -DCMAKE_INSTALL_SBINDIR=\"bin\" -DCMAKE_INSTALL_LIBEXECDIR=\"bin\" -DCMAKE_INSTALL_LIBDIR=\"lib\" -DCMAKE_INSTALL_INCLUDEDIR=\"include\" -DCMAKE_INSTALL_OLDINCLUDEDIR=\"include\" -DCMAKE_INSTALL_DATAROOTDIR=\"share\" -DCONAN_CMAKE_POSITION_INDEPENDENT_CODE=\"ON\" -DCMAKE_MODULE_PATH=\"/home/runner/.conan/data/openimageio/2.2.8.0/_/_/build/2e403e655d8f5c0cefc0d5e27dcb5ce3b3627b2b\" -DCMAKE_EXPORT_NO_PACKAGE_REGISTRY=\"ON\" -DCONAN_EXPORTED=\"1\" -DOIIO_BUILD_TOOLS=\"True\" -DOIIO_BUILD_TESTS=\"False\" -DBUILD_DOCS=\"False\" -DINSTALL_DOCS=\"False\" -DINSTALL_FONTS=\"False\" -DINSTALL_CMAKE_HELPER=\"False\" -DEMBEDPLUGINS=\"True\" -DUSE_PYTHON=\"False\" -DUSE_EXTERNAL_PUGIXML=\"True\" -DUSE_JPEGTURBO=\"False\" -DUSE_JPEG=\"True\" -DUSE_HDF5=\"False\" -DUSE_OPENCOLORIO=\"True\" -DUSE_OPENCV=\"False\" -DUSE_TBB=\"False\" -DUSE_DCMTK=\"False\" -DUSE_FFMPEG=\"False\" -DUSE_FIELD3D=\"False\" -DUSE_GIF=\"True\" -DUSE_LIBHEIF=\"False\" -DUSE_LIBRAW=\"False\" -DUSE_OPENVDB=\"False\" -DUSE_PTEX=\"False\" -DUSE_R3DSDK=\"False\" -DUSE_NUKE=\"False\" -DUSE_OPENGL=\"False\" -DUSE_QT=\"False\" -DUSE_QT5=\"False\" -Wno-dev '/home/runner/.conan/data/openimageio/2.2.8.0/_/_/build/2e403e655d8f5c0cefc0d5e27dcb5ce3b3627b2b'\n", "test_error": "Error in build() method, line 122\n\tcmake = self._configure_cmake()\nwhile calling '_configure_cmake', line 78\n\tself._cmake.configure()\n\tConanException: Error 1 while executing cd '/home/runner/.conan/data/openimageio/2.2.8.0/_/_/build/2e403e655d8f5c0cefc0d5e27dcb5ce3b3627b2b' && cmake -G \"Unix Makefiles\" -DCMAKE_BUILD_TYPE=\"Release\" -DCONAN_IN_LOCAL_CACHE=\"ON\" -DCONAN_COMPILER=\"gcc\" -DCONAN_COMPILER_VERSION=\"9\" -DCONAN_CXX_FLAGS=\"-m64\" -DCONAN_SHARED_LINKER_FLAGS=\"-m64\" -DCONAN_C_FLAGS=\"-m64\" -DCONAN_LIBCXX=\"libstdc++11\" -DBUILD_SHARED_LIBS=\"OFF\" -DCMAKE_INSTALL_PREFIX=\"/home/runner/.conan/data/openimageio/2.2.8.0/_/_/package/2e403e655d8f5c0cefc0d5e27dcb5ce3b3627b2b\" -DCMAKE_INSTALL_BINDIR=\"bin\" -DCMAKE_INSTALL_SBINDIR=\"bin\" -DCMAKE_INSTALL_LIBEXECDIR=\"bin\" -DCMAKE_INSTALL_LIBDIR=\"lib\" -DCMAKE_INSTALL_INCLUDEDIR=\"include\" -DCMAKE_INSTALL_OLDINCLUDEDIR=\"include\" -DCMAKE_INSTALL_DATAROOTDIR=\"share\" -DCONAN_CMAKE_POSITION_INDEPENDENT_CODE=\"ON\" -DCMAKE_MODULE_PATH=\"/home/runner/.conan/data/openimageio/2.2.8.0/_/_/build/2e403e655d8f5c0cefc0d5e27dcb5ce3b3627b2b\" -DCMAKE_EXPORT_NO_PACKAGE_REGISTRY=\"ON\" -DCONAN_EXPORTED=\"1\" -DOIIO_BUILD_TOOLS=\"True\" -DOIIO_BUILD_TESTS=\"False\" -DBUILD_DOCS=\"False\" -DINSTALL_DOCS=\"False\" -DINSTALL_FONTS=\"False\" -DINSTALL_CMAKE_HELPER=\"False\" -DEMBEDPLUGINS=\"True\" -DUSE_PYTHON=\"False\" -DUSE_EXTERNAL_PUGIXML=\"True\" -DUSE_JPEGTURBO=\"False\" -DUSE_JPEG=\"True\" -DUSE_HDF5=\"False\" -DUSE_OPENCOLORIO=\"True\" -DUSE_OPENCV=\"False\" -DUSE_TBB=\"False\" -DUSE_DCMTK=\"False\" -DUSE_FFMPEG=\"False\" -DUSE_FIELD3D=\"False\" -DUSE_GIF=\"True\" -DUSE_LIBHEIF=\"False\" -DUSE_LIBRAW=\"False\" -DUSE_OPENVDB=\"False\" -DUSE_PTEX=\"False\" -DUSE_R3DSDK=\"False\" -DUSE_NUKE=\"False\" -DUSE_OPENGL=\"False\" -DUSE_QT=\"False\" -DUSE_QT5=\"False\" -Wno-dev '/home/runner/.conan/data/openimageio/2.2.8.0/_/_/build/2e403e655d8f5c0cefc0d5e27dcb5ce3b3627b2b'\n"}, {"name": "paho-mqtt-c", "homepage": "https://github.com/eclipse/paho.mqtt.c", "recipe_version": "1.3.6", "upstream_version": "1.3.7", "upstream_tag": "v1.3.7", "deprecated": null, "inconsistent_versioning": false, "updatable": true, "up_to_date": false, "supported": true, "prs_opened": [], "updated_branch": {"owner": null, "repo": null, "branch": "ccb-paho-mqtt-c-1.3.7"}, "update_error": "Error in build() method, line 74\n\tfor patch in self.conan_data[\"patches\"][self.version]:\n\tKeyError: 'patches'\n", "test_error": "Error in build() method, line 74\n\tfor patch in self.conan_data[\"patches\"][self.version]:\n\tKeyError: 'patches'\n"}, {"name": "protobuf", "homepage": "https://github.com/protocolbuffers/protobuf", "recipe_version": "3.12.4", "upstream_version": "3.14.0", "upstream_tag": "v3.14.0", "deprecated": null, "inconsistent_versioning": false, "updatable": true, "up_to_date": false, "supported": true, "prs_opened": [{"number": 3583, "url": "https://github.com/conan-io/conan-center-index/pull/3583"}], "updated_branch": {"owner": null, "repo": null, "branch": null}, "update_error": "PR exists", "test_error": null}, {"name": "pupnp", "homepage": "https://github.com/pupnp/pupnp", "recipe_version": "1.12.1", "upstream_version": "1.14.0", "upstream_tag": "release-1.14.0", "deprecated": null, "inconsistent_versioning": false, "updatable": true, "up_to_date": false, "supported": true, "prs_opened": [], "updated_branch": {"owner": "conan-center-bot-testing", "repo": "conan-center-index", "branch": "ccb-pupnp-1.14.0"}, "update_error": null, "test_error": null}, {"name": "qhull", "homepage": "http://www.qhull.org", "recipe_version": "8.0.1", "upstream_version": "8.0.2", "upstream_tag": "v8.0.2", "deprecated": null, "inconsistent_versioning": false, "updatable": true, "up_to_date": false, "supported": true, "prs_opened": [], "updated_branch": {"owner": "conan-center-bot-testing", "repo": "conan-center-index", "branch": "ccb-qhull-8.0.2"}, "update_error": null, "test_error": null}, {"name": "robin-hood-hashing", "homepage": "https://github.com/martinus/robin-hood-hashing", "recipe_version": "3.8.0", "upstream_version": "3.9.1", "upstream_tag": "3.9.1", "deprecated": null, "inconsistent_versioning": false, "updatable": true, "up_to_date": false, "supported": true, "prs_opened": [], "updated_branch": {"owner": "conan-center-bot-testing", "repo": "conan-center-index", "branch": "ccb-robin-hood-hashing-3.9.1"}, "update_error": null, "test_error": null}, {"name": "rocksdb", "homepage": "https://github.com/facebook/rocksdb", "recipe_version": "6.10.2", "upstream_version": "6.14.5", "upstream_tag": "v6.14.5", "deprecated": null, "inconsistent_versioning": false, "updatable": true, "up_to_date": false, "supported": true, "prs_opened": [], "updated_branch": {"owner": "conan-center-bot-testing", "repo": "conan-center-index", "branch": "ccb-rocksdb-6.14.5"}, "update_error": null, "test_error": null}, {"name": "sentry-native", "homepage": "https://github.com/getsentry/sentry-native", "recipe_version": "0.4.1", "upstream_version": "0.4.4", "upstream_tag": "0.4.4", "deprecated": null, "inconsistent_versioning": false, "updatable": true, "up_to_date": false, "supported": true, "prs_opened": [], "updated_branch": {"owner": "conan-center-bot-testing", "repo": "conan-center-index", "branch": "ccb-sentry-native-0.4.4"}, "update_error": null, "test_error": null}, {"name": "shaderc", "homepage": "https://github.com/google/shaderc", "recipe_version": "2019.0", "upstream_version": "2020.3", "upstream_tag": "v2020.3", "deprecated": null, "inconsistent_versioning": false, "updatable": true, "up_to_date": false, "supported": true, "prs_opened": [], "updated_branch": {"owner": null, "repo": null, "branch": "ccb-shaderc-2020.3"}, "update_error": "Error in build() method, line 59\n\tcmake = self._configure_cmake()\nwhile calling '_configure_cmake', line 76\n\tself._cmake.configure(build_folder=self._build_subfolder)\n\tConanException: Error 1 while executing cd '/home/runner/.conan/data/shaderc/2020.3/_/_/build/e95bba79b74e7caf80b97fd6130e61d5755b89fb/build_subfolder' && cmake -G \"Unix Makefiles\" -DCMAKE_BUILD_TYPE=\"Release\" -DCONAN_IN_LOCAL_CACHE=\"ON\" -DCONAN_COMPILER=\"gcc\" -DCONAN_COMPILER_VERSION=\"9\" -DCONAN_CXX_FLAGS=\"-m64\" -DCONAN_SHARED_LINKER_FLAGS=\"-m64\" -DCONAN_C_FLAGS=\"-m64\" -DCONAN_LIBCXX=\"libstdc++11\" -DBUILD_SHARED_LIBS=\"OFF\" -DCMAKE_INSTALL_PREFIX=\"/home/runner/.conan/data/shaderc/2020.3/_/_/package/e95bba79b74e7caf80b97fd6130e61d5755b89fb\" -DCMAKE_INSTALL_BINDIR=\"bin\" -DCMAKE_INSTALL_SBINDIR=\"bin\" -DCMAKE_INSTALL_LIBEXECDIR=\"bin\" -DCMAKE_INSTALL_LIBDIR=\"lib\" -DCMAKE_INSTALL_INCLUDEDIR=\"include\" -DCMAKE_INSTALL_OLDINCLUDEDIR=\"include\" -DCMAKE_INSTALL_DATAROOTDIR=\"share\" -DCONAN_CMAKE_POSITION_INDEPENDENT_CODE=\"ON\" -DCMAKE_EXPORT_NO_PACKAGE_REGISTRY=\"ON\" -DCONAN_EXPORTED=\"1\" -DCMAKE_POSITION_INDEPENDENT_CODE=\"True\" -DSHADERC_ENABLE_SPVC=\"False\" -DSHADERC_SKIP_INSTALL=\"False\" -DSHADERC_SKIP_TESTS=\"True\" -DSHADERC_SPVC_ENABLE_DIRECT_LOGGING=\"False\" -DSHADERC_SPVC_DISABLE_CONTEXT_LOGGING=\"False\" -DSHADERC_ENABLE_WERROR_COMPILE=\"False\" -DENABLE_CODE_COVERAGE=\"False\" -Wno-dev '/home/runner/.conan/data/shaderc/2020.3/_/_/build/e95bba79b74e7caf80b97fd6130e61d5755b89fb'\n", "test_error": "Error in build() method, line 59\n\tcmake = self._configure_cmake()\nwhile calling '_configure_cmake', line 76\n\tself._cmake.configure(build_folder=self._build_subfolder)\n\tConanException: Error 1 while executing cd '/home/runner/.conan/data/shaderc/2020.3/_/_/build/e95bba79b74e7caf80b97fd6130e61d5755b89fb/build_subfolder' && cmake -G \"Unix Makefiles\" -DCMAKE_BUILD_TYPE=\"Release\" -DCONAN_IN_LOCAL_CACHE=\"ON\" -DCONAN_COMPILER=\"gcc\" -DCONAN_COMPILER_VERSION=\"9\" -DCONAN_CXX_FLAGS=\"-m64\" -DCONAN_SHARED_LINKER_FLAGS=\"-m64\" -DCONAN_C_FLAGS=\"-m64\" -DCONAN_LIBCXX=\"libstdc++11\" -DBUILD_SHARED_LIBS=\"OFF\" -DCMAKE_INSTALL_PREFIX=\"/home/runner/.conan/data/shaderc/2020.3/_/_/package/e95bba79b74e7caf80b97fd6130e61d5755b89fb\" -DCMAKE_INSTALL_BINDIR=\"bin\" -DCMAKE_INSTALL_SBINDIR=\"bin\" -DCMAKE_INSTALL_LIBEXECDIR=\"bin\" -DCMAKE_INSTALL_LIBDIR=\"lib\" -DCMAKE_INSTALL_INCLUDEDIR=\"include\" -DCMAKE_INSTALL_OLDINCLUDEDIR=\"include\" -DCMAKE_INSTALL_DATAROOTDIR=\"share\" -DCONAN_CMAKE_POSITION_INDEPENDENT_CODE=\"ON\" -DCMAKE_EXPORT_NO_PACKAGE_REGISTRY=\"ON\" -DCONAN_EXPORTED=\"1\" -DCMAKE_POSITION_INDEPENDENT_CODE=\"True\" -DSHADERC_ENABLE_SPVC=\"False\" -DSHADERC_SKIP_INSTALL=\"False\" -DSHADERC_SKIP_TESTS=\"True\" -DSHADERC_SPVC_ENABLE_DIRECT_LOGGING=\"False\" -DSHADERC_SPVC_DISABLE_CONTEXT_LOGGING=\"False\" -DSHADERC_ENABLE_WERROR_COMPILE=\"False\" -DENABLE_CODE_COVERAGE=\"False\" -Wno-dev '/home/runner/.conan/data/shaderc/2020.3/_/_/build/e95bba79b74e7caf80b97fd6130e61d5755b89fb'\n"}, {"name": "skyr-url", "homepage": "https://cpp-netlib.github.io/url", "recipe_version": "1.12.0", "upstream_version": "1.13.0", "upstream_tag": "v1.13.0", "deprecated": null, "inconsistent_versioning": false, "updatable": true, "up_to_date": false, "supported": true, "prs_opened": [], "updated_branch": {"owner": "conan-center-bot-testing", "repo": "conan-center-index", "branch": "ccb-skyr-url-1.13.0"}, "update_error": null, "test_error": null}, {"name": "sol2", "homepage": "https://github.com/ThePhD/sol2", "recipe_version": "3.2.2", "upstream_version": "3.2.3", "upstream_tag": "v3.2.3", "deprecated": null, "inconsistent_versioning": false, "updatable": true, "up_to_date": false, "supported": true, "prs_opened": [{"number": 3472, "url": "https://github.com/conan-io/conan-center-index/pull/3472"}], "updated_branch": {"owner": null, "repo": null, "branch": null}, "update_error": "PR exists", "test_error": null}, {"name": "sqlcipher", "homepage": "https://www.zetetic.net/sqlcipher/", "recipe_version": "4.4.0", "upstream_version": "4.4.1", "upstream_tag": "v4.4.1", "deprecated": null, "inconsistent_versioning": false, "updatable": true, "up_to_date": false, "supported": true, "prs_opened": [], "updated_branch": {"owner": null, "repo": null, "branch": "ccb-sqlcipher-4.4.1"}, "update_error": "Error in build() method, line 179\n\tfor patch in self.conan_data[\"patches\"][self.version]:\n\tKeyError: 'patches'\n", "test_error": "Error in build() method, line 179\n\tfor patch in self.conan_data[\"patches\"][self.version]:\n\tKeyError: 'patches'\n"}, {"name": "stlab", "homepage": "https://github.com/stlab/libraries", "recipe_version": "1.5.2", "upstream_version": "1.5.4", "upstream_tag": "v1.5.4", "deprecated": null, "inconsistent_versioning": false, "updatable": true, "up_to_date": false, "supported": true, "prs_opened": [], "updated_branch": {"owner": null, "repo": null, "branch": "ccb-stlab-1.5.4"}, "update_error": "[CMAKE VERBOSE MAKEFILE (KB-H046)] The CMake definition 'set(CMAKE_VERBOSE_MAKEFILE ON)' is not allowed. Remove it from test_package/CMakeLists.txt. (https://github.com/conan-io/conan-center-index/blob/master/docs/error_knowledge_base.md#KB-H046) ", "test_error": "[CMAKE VERBOSE MAKEFILE (KB-H046)] The CMake definition 'set(CMAKE_VERBOSE_MAKEFILE ON)' is not allowed. Remove it from test_package/CMakeLists.txt. (https://github.com/conan-io/conan-center-index/blob/master/docs/error_knowledge_base.md#KB-H046) "}, {"name": "sundials", "homepage": "https://github.com/LLNL/sundials", "recipe_version": "5.4.0", "upstream_version": "5.5.0", "upstream_tag": "v5.5.0", "deprecated": null, "inconsistent_versioning": false, "updatable": true, "up_to_date": false, "supported": true, "prs_opened": [], "updated_branch": {"owner": null, "repo": null, "branch": "ccb-sundials-5.5.0"}, "update_error": "Error in build() method, line 77\n\tcmake = self._configure_cmake()\nwhile calling '_configure_cmake', line 71\n\tself._cmake.configure()\n\tConanException: Error 1 while executing cd '/home/runner/.conan/data/sundials/5.5.0/_/_/build/2c8ebb2df08065eb985d332ef7f650763c1ba8ad' && cmake -G \"Unix Makefiles\" -DCMAKE_BUILD_TYPE=\"Release\" -DCONAN_IN_LOCAL_CACHE=\"ON\" -DCONAN_COMPILER=\"gcc\" -DCONAN_COMPILER_VERSION=\"9\" -DCONAN_CXX_FLAGS=\"-m64\" -DCONAN_SHARED_LINKER_FLAGS=\"-m64\" -DCONAN_C_FLAGS=\"-m64\" -DBUILD_SHARED_LIBS=\"OFF\" -DCMAKE_INSTALL_PREFIX=\"/home/runner/.conan/data/sundials/5.5.0/_/_/package/2c8ebb2df08065eb985d332ef7f650763c1ba8ad\" -DCMAKE_INSTALL_BINDIR=\"bin\" -DCMAKE_INSTALL_SBINDIR=\"bin\" -DCMAKE_INSTALL_LIBEXECDIR=\"bin\" -DCMAKE_INSTALL_LIBDIR=\"lib\" -DCMAKE_INSTALL_INCLUDEDIR=\"include\" -DCMAKE_INSTALL_OLDINCLUDEDIR=\"include\" -DCMAKE_INSTALL_DATAROOTDIR=\"share\" -DCONAN_CMAKE_POSITION_INDEPENDENT_CODE=\"ON\" -DCMAKE_EXPORT_NO_PACKAGE_REGISTRY=\"ON\" -DCONAN_EXPORTED=\"1\" -DBUILD_STATIC_LIBS=\"True\" -DBUILD_ARKODE=\"True\" -DBUILD_CVODE=\"True\" -DBUILD_CVODES=\"True\" -DBUILD_IDA=\"True\" -DBUILD_IDAS=\"True\" -DBUILD_KINSOL=\"True\" -DEXAMPLES_ENABLE_C=\"False\" -DEXAMPLES_INSTALL=\"False\" -Wno-dev '/home/runner/.conan/data/sundials/5.5.0/_/_/build/2c8ebb2df08065eb985d332ef7f650763c1ba8ad'\n", "test_error": "Error in build() method, line 77\n\tcmake = self._configure_cmake()\nwhile calling '_configure_cmake', line 71\n\tself._cmake.configure()\n\tConanException: Error 1 while executing cd '/home/runner/.conan/data/sundials/5.5.0/_/_/build/2c8ebb2df08065eb985d332ef7f650763c1ba8ad' && cmake -G \"Unix Makefiles\" -DCMAKE_BUILD_TYPE=\"Release\" -DCONAN_IN_LOCAL_CACHE=\"ON\" -DCONAN_COMPILER=\"gcc\" -DCONAN_COMPILER_VERSION=\"9\" -DCONAN_CXX_FLAGS=\"-m64\" -DCONAN_SHARED_LINKER_FLAGS=\"-m64\" -DCONAN_C_FLAGS=\"-m64\" -DBUILD_SHARED_LIBS=\"OFF\" -DCMAKE_INSTALL_PREFIX=\"/home/runner/.conan/data/sundials/5.5.0/_/_/package/2c8ebb2df08065eb985d332ef7f650763c1ba8ad\" -DCMAKE_INSTALL_BINDIR=\"bin\" -DCMAKE_INSTALL_SBINDIR=\"bin\" -DCMAKE_INSTALL_LIBEXECDIR=\"bin\" -DCMAKE_INSTALL_LIBDIR=\"lib\" -DCMAKE_INSTALL_INCLUDEDIR=\"include\" -DCMAKE_INSTALL_OLDINCLUDEDIR=\"include\" -DCMAKE_INSTALL_DATAROOTDIR=\"share\" -DCONAN_CMAKE_POSITION_INDEPENDENT_CODE=\"ON\" -DCMAKE_EXPORT_NO_PACKAGE_REGISTRY=\"ON\" -DCONAN_EXPORTED=\"1\" -DBUILD_STATIC_LIBS=\"True\" -DBUILD_ARKODE=\"True\" -DBUILD_CVODE=\"True\" -DBUILD_CVODES=\"True\" -DBUILD_IDA=\"True\" -DBUILD_IDAS=\"True\" -DBUILD_KINSOL=\"True\" -DEXAMPLES_ENABLE_C=\"False\" -DEXAMPLES_INSTALL=\"False\" -Wno-dev '/home/runner/.conan/data/sundials/5.5.0/_/_/build/2c8ebb2df08065eb985d332ef7f650763c1ba8ad'\n"}, {"name": "systemc", "homepage": "https://www.accellera.org/", "recipe_version": "2.3.3", "upstream_version": "2.3.4", "upstream_tag": "2.3.4_pub_rev_20190614", "deprecated": null, "inconsistent_versioning": false, "updatable": true, "up_to_date": false, "supported": true, "prs_opened": [], "updated_branch": {"owner": null, "repo": null, "branch": "ccb-systemc-2.3.4"}, "update_error": "Package recipe with version 2.3.4!=2.3.3\n", "test_error": "Package recipe with version 2.3.4!=2.3.3\n"}, {"name": "taywee-args", "homepage": "https://github.com/Taywee/args", "recipe_version": "6.2.3", "upstream_version": "6.2.4", "upstream_tag": "6.2.4", "deprecated": null, "inconsistent_versioning": false, "updatable": true, "up_to_date": false, "supported": true, "prs_opened": [], "updated_branch": {"owner": "conan-center-bot-testing", "repo": "conan-center-index", "branch": "ccb-taywee-args-6.2.4"}, "update_error": null, "test_error": null}, {"name": "tbb", "homepage": "https://github.com/oneapi-src/oneTBB", "recipe_version": "2020.2", "upstream_version": "2020.3", "upstream_tag": "v2020.3", "deprecated": null, "inconsistent_versioning": false, "updatable": true, "up_to_date": false, "supported": true, "prs_opened": [], "updated_branch": {"owner": "conan-center-bot-testing", "repo": "conan-center-index", "branch": "ccb-tbb-2020.3"}, "update_error": null, "test_error": null}, {"name": "thrust", "homepage": "https://thrust.github.io/", "recipe_version": "1.9.5", "upstream_version": "1.10.0", "upstream_tag": "1.10.0", "deprecated": null, "inconsistent_versioning": false, "updatable": true, "up_to_date": false, "supported": true, "prs_opened": [], "updated_branch": {"owner": null, "repo": null, "branch": "ccb-thrust-1.10.0"}, "update_error": "[CMAKE-MODULES-CONFIG-FILES (KB-H016)] The conan-center repository doesn't allow the packages to contain CMake find modules or config files. The packages have to be located using generators and the declared `cpp_info` information (https://github.com/conan-io/conan-center-index/blob/master/docs/error_knowledge_base.md#KB-H016) \n[CMAKE-MODULES-CONFIG-FILES (KB-H016)] Found files: ./include/thrust/cmake/FindTBB.cmake; ./include/thrust/cmake/thrust-config.cmake (https://github.com/conan-io/conan-center-index/blob/master/docs/error_knowledge_base.md#KB-H016) ", "test_error": "[CMAKE-MODULES-CONFIG-FILES (KB-H016)] The conan-center repository doesn't allow the packages to contain CMake find modules or config files. The packages have to be located using generators and the declared `cpp_info` information (https://github.com/conan-io/conan-center-index/blob/master/docs/error_knowledge_base.md#KB-H016) \n[CMAKE-MODULES-CONFIG-FILES (KB-H016)] Found files: ./include/thrust/cmake/FindTBB.cmake; ./include/thrust/cmake/thrust-config.cmake (https://github.com/conan-io/conan-center-index/blob/master/docs/error_knowledge_base.md#KB-H016) "}, {"name": "tinyobjloader", "homepage": "https://github.com/syoyo/tinyobjloader", "recipe_version": "1.0.6", "upstream_version": "1.7", "upstream_tag": "v1.7", "deprecated": null, "inconsistent_versioning": false, "updatable": true, "up_to_date": false, "supported": true, "prs_opened": [], "updated_branch": {"owner": null, "repo": null, "branch": "ccb-tinyobjloader-1.7"}, "update_error": "Error in build() method, line 39\n\tcmake = self._configure_cmake()\nwhile calling '_configure_cmake', line 35\n\tcmake.configure(build_dir=self._build_subfolder)\n\tConanException: Error 1 while executing cd 'build_subfolder' && cmake -G \"Unix Makefiles\" -DCMAKE_BUILD_TYPE=\"Release\" -DCONAN_IN_LOCAL_CACHE=\"ON\" -DCONAN_COMPILER=\"gcc\" -DCONAN_COMPILER_VERSION=\"9\" -DCONAN_CXX_FLAGS=\"-m64\" -DCONAN_SHARED_LINKER_FLAGS=\"-m64\" -DCONAN_C_FLAGS=\"-m64\" -DCONAN_LIBCXX=\"libstdc++11\" -DBUILD_SHARED_LIBS=\"OFF\" -DCMAKE_INSTALL_PREFIX=\"/home/runner/.conan/data/tinyobjloader/1.7/_/_/package/b911f48570f9bb2902d9e83b2b9ebf9d376c8c56\" -DCMAKE_INSTALL_BINDIR=\"bin\" -DCMAKE_INSTALL_SBINDIR=\"bin\" -DCMAKE_INSTALL_LIBEXECDIR=\"bin\" -DCMAKE_INSTALL_LIBDIR=\"lib\" -DCMAKE_INSTALL_INCLUDEDIR=\"include\" -DCMAKE_INSTALL_OLDINCLUDEDIR=\"include\" -DCMAKE_INSTALL_DATAROOTDIR=\"share\" -DCONAN_CMAKE_POSITION_INDEPENDENT_CODE=\"ON\" -DCMAKE_EXPORT_NO_PACKAGE_REGISTRY=\"ON\" -DCONAN_EXPORTED=\"1\" -DTINYOBJLOADER_COMPILATION_SHARED=\"False\" -DCMAKE_INSTALL_DOCDIR=\"licenses\" -Wno-dev '/home/runner/.conan/data/tinyobjloader/1.7/_/_/build/b911f48570f9bb2902d9e83b2b9ebf9d376c8c56'\n", "test_error": "Error in build() method, line 39\n\tcmake = self._configure_cmake()\nwhile calling '_configure_cmake', line 35\n\tcmake.configure(build_dir=self._build_subfolder)\n\tConanException: Error 1 while executing cd 'build_subfolder' && cmake -G \"Unix Makefiles\" -DCMAKE_BUILD_TYPE=\"Release\" -DCONAN_IN_LOCAL_CACHE=\"ON\" -DCONAN_COMPILER=\"gcc\" -DCONAN_COMPILER_VERSION=\"9\" -DCONAN_CXX_FLAGS=\"-m64\" -DCONAN_SHARED_LINKER_FLAGS=\"-m64\" -DCONAN_C_FLAGS=\"-m64\" -DCONAN_LIBCXX=\"libstdc++11\" -DBUILD_SHARED_LIBS=\"OFF\" -DCMAKE_INSTALL_PREFIX=\"/home/runner/.conan/data/tinyobjloader/1.7/_/_/package/b911f48570f9bb2902d9e83b2b9ebf9d376c8c56\" -DCMAKE_INSTALL_BINDIR=\"bin\" -DCMAKE_INSTALL_SBINDIR=\"bin\" -DCMAKE_INSTALL_LIBEXECDIR=\"bin\" -DCMAKE_INSTALL_LIBDIR=\"lib\" -DCMAKE_INSTALL_INCLUDEDIR=\"include\" -DCMAKE_INSTALL_OLDINCLUDEDIR=\"include\" -DCMAKE_INSTALL_DATAROOTDIR=\"share\" -DCONAN_CMAKE_POSITION_INDEPENDENT_CODE=\"ON\" -DCMAKE_EXPORT_NO_PACKAGE_REGISTRY=\"ON\" -DCONAN_EXPORTED=\"1\" -DTINYOBJLOADER_COMPILATION_SHARED=\"False\" -DCMAKE_INSTALL_DOCDIR=\"licenses\" -Wno-dev '/home/runner/.conan/data/tinyobjloader/1.7/_/_/build/b911f48570f9bb2902d9e83b2b9ebf9d376c8c56'\n"}, {"name": "tinyspline", "homepage": "https://github.com/msteinbeck/tinyspline", "recipe_version": "0.2.0", "upstream_version": "0.3.0", "upstream_tag": "v0.3.0", "deprecated": null, "inconsistent_versioning": false, "updatable": true, "up_to_date": false, "supported": true, "prs_opened": [{"number": 3639, "url": "https://github.com/conan-io/conan-center-index/pull/3639"}], "updated_branch": {"owner": null, "repo": null, "branch": null}, "update_error": "PR exists", "test_error": null}, {"name": "univalue", "homepage": "https://github.com/jgarzik/univalue", "recipe_version": "1.0.5", "upstream_version": "1.1.1", "upstream_tag": "v1.1.1", "deprecated": null, "inconsistent_versioning": false, "updatable": true, "up_to_date": false, "supported": true, "prs_opened": [], "updated_branch": {"owner": null, "repo": null, "branch": "ccb-univalue-1.1.1"}, "update_error": "Error in build() method, line 89\n\tself._patch_sources()\nwhile calling '_patch_sources', line 67\n\tfor patch in self.conan_data[\"patches\"][self.version]:\n\tKeyError: 'patches'\n", "test_error": "Error in build() method, line 89\n\tself._patch_sources()\nwhile calling '_patch_sources', line 67\n\tfor patch in self.conan_data[\"patches\"][self.version]:\n\tKeyError: 'patches'\n"}, {"name": "usockets", "homepage": "https://github.com/uNetworking/uSockets", "recipe_version": "0.4.0", "upstream_version": "0.6.0", "upstream_tag": "v0.6.0", "deprecated": null, "inconsistent_versioning": false, "updatable": true, "up_to_date": false, "supported": true, "prs_opened": [], "updated_branch": {"owner": null, "repo": null, "branch": "ccb-usockets-0.6.0"}, "update_error": "Error in build() method, line 73\n\tself._patch_sources()\nwhile calling '_patch_sources', line 46\n\tfor patch in self.conan_data[\"patches\"][self.version]:\n\tKeyError: 'patches'\n", "test_error": "Error in build() method, line 73\n\tself._patch_sources()\nwhile calling '_patch_sources', line 46\n\tfor patch in self.conan_data[\"patches\"][self.version]:\n\tKeyError: 'patches'\n"}, {"name": "utf8proc", "homepage": "https://github.com/JuliaStrings/utf8proc", "recipe_version": "2.5.0", "upstream_version": "2.6.0", "upstream_tag": "v2.6.0", "deprecated": null, "inconsistent_versioning": false, "updatable": true, "up_to_date": false, "supported": true, "prs_opened": [{"number": 3689, "url": "https://github.com/conan-io/conan-center-index/pull/3689"}], "updated_branch": {"owner": null, "repo": null, "branch": null}, "update_error": "PR exists", "test_error": null}, {"name": "uwebsockets", "homepage": "https://github.com/uNetworking/uWebSockets", "recipe_version": "18.3.0", "upstream_version": "18.15.0", "upstream_tag": "v18.15.0", "deprecated": null, "inconsistent_versioning": false, "updatable": true, "up_to_date": false, "supported": true, "prs_opened": [], "updated_branch": {"owner": null, "repo": null, "branch": "ccb-uwebsockets-18.15.0"}, "update_error": "Error in build() method, line 12\n\tcmake.build()\n\tConanException: Error 2 while executing cmake --build '/tmp/ccb-jthlya8b/recipes/uwebsockets/all/test_package/build/878b1b6e2d4cbc82452d014e37c38868584457e8' '--' '-j2'\n", "test_error": "Error in build() method, line 12\n\tcmake.build()\n\tConanException: Error 2 while executing cmake --build '/tmp/ccb-jthlya8b/recipes/uwebsockets/all/test_package/build/878b1b6e2d4cbc82452d014e37c38868584457e8' '--' '-j2'\n"}, {"name": "volk", "homepage": "https://github.com/zeux/volk", "recipe_version": "1.2.140", "upstream_version": "1.2.162", "upstream_tag": "1.2.162", "deprecated": null, "inconsistent_versioning": false, "updatable": true, "up_to_date": false, "supported": true, "prs_opened": [], "updated_branch": {"owner": null, "repo": null, "branch": "ccb-volk-1.2.162"}, "update_error": "Failed requirement 'vulkan-headers/1.2.162' from 'volk/1.2.162'\nERROR: Unable to find 'vulkan-headers/1.2.162' in remotes\n", "test_error": "Failed requirement 'vulkan-headers/1.2.162' from 'volk/1.2.162'\nERROR: Unable to find 'vulkan-headers/1.2.162' in remotes\n"}, {"name": "vulkan-headers", "homepage": "https://github.com/KhronosGroup/Vulkan-Headers", "recipe_version": "1.2.154.0", "upstream_version": "1.2.162", "upstream_tag": "v1.2.162", "deprecated": null, "inconsistent_versioning": false, "updatable": true, "up_to_date": false, "supported": true, "prs_opened": [], "updated_branch": {"owner": "conan-center-bot-testing", "repo": "conan-center-index", "branch": "ccb-vulkan-headers-1.2.162"}, "update_error": null, "test_error": null}, {"name": "winflexbison", "homepage": "https://github.com/lexxmark/winflexbison", "recipe_version": "2.5.22", "upstream_version": "2.5.23", "upstream_tag": "v2.5.23", "deprecated": null, "inconsistent_versioning": false, "updatable": true, "up_to_date": false, "supported": true, "prs_opened": [], "updated_branch": {"owner": null, "repo": null, "branch": "ccb-winflexbison-2.5.23"}, "update_error": "Invalid configuration: winflexbison is only supported on Windows.\n", "test_error": "Invalid configuration: winflexbison is only supported on Windows.\n"}, {"name": "xmlsec", "homepage": "https://github.com/lsh123/xmlsec", "recipe_version": "1.2.30", "upstream_version": "1.2.31", "upstream_tag": "xmlsec-1_2_31", "deprecated": null, "inconsistent_versioning": false, "updatable": true, "up_to_date": false, "supported": true, "prs_opened": [], "updated_branch": {"owner": "conan-center-bot-testing", "repo": "conan-center-index", "branch": "ccb-xmlsec-1.2.31"}, "update_error": null, "test_error": null}, {"name": "xsimd", "homepage": "https://github.com/xtensor-stack/xsimd", "recipe_version": "7.4.6", "upstream_version": "7.4.9", "upstream_tag": "7.4.9", "deprecated": null, "inconsistent_versioning": false, "updatable": true, "up_to_date": false, "supported": true, "prs_opened": [], "updated_branch": {"owner": "conan-center-bot-testing", "repo": "conan-center-index", "branch": "ccb-xsimd-7.4.9"}, "update_error": null, "test_error": null}, {"name": "xtensor", "homepage": "https://github.com/xtensor-stack/xtensor", "recipe_version": "0.21.5", "upstream_version": "0.21.10", "upstream_tag": "0.21.10", "deprecated": null, "inconsistent_versioning": false, "updatable": true, "up_to_date": false, "supported": true, "prs_opened": [], "updated_branch": {"owner": null, "repo": null, "branch": "ccb-xtensor-0.21.10"}, "update_error": "Error in build() method, line 13\n\tcmake.build()\n\tConanException: Error 2 while executing cmake --build '/tmp/ccb-mrb11np9/recipes/xtensor/all/test_package/build/878b1b6e2d4cbc82452d014e37c38868584457e8' '--' '-j2'\n", "test_error": "Error in build() method, line 13\n\tcmake.build()\n\tConanException: Error 2 while executing cmake --build '/tmp/ccb-mrb11np9/recipes/xtensor/all/test_package/build/878b1b6e2d4cbc82452d014e37c38868584457e8' '--' '-j2'\n"}, {"name": "xtl", "homepage": "https://github.com/xtensor-stack/xtl", "recipe_version": "0.6.12", "upstream_version": "0.6.21", "upstream_tag": "0.6.21", "deprecated": null, "inconsistent_versioning": false, "updatable": true, "up_to_date": false, "supported": true, "prs_opened": [{"number": 3688, "url": "https://github.com/conan-io/conan-center-index/pull/3688"}], "updated_branch": {"owner": null, "repo": null, "branch": null}, "update_error": "PR exists", "test_error": null}, {"name": "z3", "homepage": "https://github.com/Z3Prover/z3", "recipe_version": "4.8.8", "upstream_version": "4.8.9", "upstream_tag": "z3-4.8.9", "deprecated": null, "inconsistent_versioning": false, "updatable": true, "up_to_date": false, "supported": true, "prs_opened": [], "updated_branch": {"owner": null, "repo": null, "branch": "ccb-z3-4.8.9"}, "update_error": "[PC-FILES (KB-H020)] The conan-center repository doesn't allow the packages to contain `pc` files. The packages have to be located using generators and the declared `cpp_info` information (https://github.com/conan-io/conan-center-index/blob/master/docs/error_knowledge_base.md#KB-H020) \n[PC-FILES (KB-H020)] Found files: ./lib/pkgconfig/z3.pc (https://github.com/conan-io/conan-center-index/blob/master/docs/error_knowledge_base.md#KB-H020) ", "test_error": "[PC-FILES (KB-H020)] The conan-center repository doesn't allow the packages to contain `pc` files. The packages have to be located using generators and the declared `cpp_info` information (https://github.com/conan-io/conan-center-index/blob/master/docs/error_knowledge_base.md#KB-H020) \n[PC-FILES (KB-H020)] Found files: ./lib/pkgconfig/z3.pc (https://github.com/conan-io/conan-center-index/blob/master/docs/error_knowledge_base.md#KB-H020) "}, {"name": "zxing-cpp", "homepage": "https://github.com/nu-book/zxing-cpp", "recipe_version": "1.0.8", "upstream_version": "1.1.1", "upstream_tag": "v1.1.1", "deprecated": null, "inconsistent_versioning": false, "updatable": true, "up_to_date": false, "supported": true, "prs_opened": [], "updated_branch": {"owner": null, "repo": null, "branch": "ccb-zxing-cpp-1.1.1"}, "update_error": "Error in build() method, line 75\n\tself._patch_sources()\nwhile calling '_patch_sources', line 71\n\tfor patch in self.conan_data[\"patches\"][self.version]:\n\tKeyError: 'patches'\n", "test_error": "Error in build() method, line 75\n\tself._patch_sources()\nwhile calling '_patch_sources', line 71\n\tfor patch in self.conan_data[\"patches\"][self.version]:\n\tKeyError: 'patches'\n"}], "github_action_run_id": "383113857"}
